<?xml version="1.0" encoding="UTF-8"?>
<!-- Generated by org.testng.reporters.JUnitReportReporter -->
<testsuite hostname="LAPTOP-ISQ7MUIO" failures="0" tests="1" name="testLayer.OlxPageTest" time="8.643" errors="0" timestamp="04 Mar 2021 04:14:18 GMT" skipped="0">
  <testcase classname="testLayer.OlxPageTest" name="getPageTitle" time="8.643"/>
</testsuite> <!-- testLayer.OlxPageTest -->
