<?xml version="1.0" encoding="UTF-8"?>
<!-- Generated by org.testng.reporters.JUnitReportReporter -->
<testsuite hostname="LAPTOP-ISQ7MUIO" failures="0" tests="1" name="testLayer.GooglePageTest" time="8.564" errors="0" timestamp="03 Mar 2021 12:54:51 GMT" skipped="0">
  <testcase classname="testLayer.GooglePageTest" name="getPageTitle" time="8.564"/>
</testsuite> <!-- testLayer.GooglePageTest -->
